#
# A fatal error has been detected by the Java Runtime Environment:
#
#  EXCEPTION_ACCESS_VIOLATION (0xc0000005) at pc=0x000000006f93c313, pid=5928, tid=11356
#
# JRE version: Java(TM) SE Runtime Environment (12.0.2+10) (build 12.0.2+10)
# Java VM: Java HotSpot(TM) 64-Bit Server VM (12.0.2+10, mixed mode, sharing, tiered, compressed oops, g1 gc, windows-amd64)
# Problematic frame:
# C  [atio6axx.dll+0x11cc313]
#
# No core dump will be written. Minidumps are not enabled by default on client versions of Windows
#
# If you would like to submit a bug report, please visit:
#   http://bugreport.java.com/bugreport/crash.jsp
# The crash happened outside the Java Virtual Machine in native code.
# See problematic frame for where to report the bug.
#

---------------  S U M M A R Y ------------

Command Line: -ea -Dfile.encoding=Cp1252 Main java.library.paths=libs

Host: AMD Ryzen 5 2400G with Radeon Vega Graphics    , 8 cores, 6G,  Windows 10 , 64 bit Build 19041 (10.0.19041.1503)
Time: Fri Mar  4 12:39:18 2022 Central Standard Time elapsed time: 1 seconds (0d 0h 0m 1s)

---------------  T H R E A D  ---------------

Current thread (0x0000028619e0c000):  JavaThread "main" [_thread_in_native, id=11356, stack(0x000000bf96d00000,0x000000bf96e00000)]

Stack: [0x000000bf96d00000,0x000000bf96e00000],  sp=0x000000bf96dfe930,  free space=1018k
Native frames: (J=compiled Java code, j=interpreted, Vv=VM code, C=native code)
C  [atio6axx.dll+0x11cc313]

Java frames: (J=compiled Java code, j=interpreted, Vv=VM code)
j  org.lwjgl.system.JNI.invokePPPP(IIJJJJ)J+0
j  org.lwjgl.glfw.GLFW.nglfwCreateWindow(IIJJJ)J+14
j  org.lwjgl.glfw.GLFW.glfwCreateWindow(IILjava/lang/CharSequence;JJ)J+37
j  jade.Window.init()V+62
j  jade.Window.run()V+30
j  Main.main([Ljava/lang/String;)V+5
v  ~StubRoutines::call_stub

siginfo: EXCEPTION_ACCESS_VIOLATION (0xc0000005), reading address 0x0000000000000000


Register to memory mapping:

RIP=0x000000006f93c313 atio6axx.dll
RAX=0x0 is NULL
RBX=0x000002863b671f60 points into unknown readable memory: 00 00 40 00 00 01 00 00
RCX=0x0000028617bb0000 points into unknown readable memory: 00 00 00 00 00 00 00 00
RDX=0x0000028617bb0000 points into unknown readable memory: 00 00 00 00 00 00 00 00
RSP=0x000000bf96dfe930 is pointing into the stack for thread: 0x0000028619e0c000
RBP=0x000002863b6d1670 points into unknown readable memory: 20 d2 6d 70 00 00 00 00
RSI=0x0 is NULL
RDI=0x0 is NULL
R8 =
[error occurred during error reporting (printing register info), id 0xc0000005, EXCEPTION_ACCESS_VIOLATION (0xc0000005) at pc=0x00007fffb0d898df]

Registers:
RAX=0x0000000000000000, RBX=0x000002863b671f60, RCX=0x0000028617bb0000, RDX=0x0000028617bb0000
RSP=0x000000bf96dfe930, RBP=0x000002863b6d1670, RSI=0x0000000000000000, RDI=0x0000000000000000
R8 =0x00000000ffffffff, R9 =0x0000000000000001, R10=0x0000028617bb0000, R11=0x000000bf96dfe750
R12=0x0000000000000000, R13=0x0000000000000000, R14=0x000002863b671fb0, R15=0x0000000000000001
RIP=0x000000006f93c313, EFLAGS=0x0000000000010202

Top of Stack: (sp=0x000000bf96dfe930)
0x000000bf96dfe930:   0000028600000000 000002863b671f60
0x000000bf96dfe940:   0000000000000000 000000000000000f
0x000000bf96dfe950:   0000000000000002 000000006f93e563
0x000000bf96dfe960:   000002863b255f10 0000028638c7bdf0
0x000000bf96dfe970:   0000028638659930 0000028638e724e0
0x000000bf96dfe980:   0000028638c7a970 0000000000000000
0x000000bf96dfe990:   0000000000000a8e 000000006ea21111
0x000000bf96dfe9a0:   000002863b7c4f90 0000000000400000
0x000000bf96dfe9b0:   0000000000000000 000000007051c344
0x000000bf96dfe9c0:   0000000000000000 000000006f735b52
0x000000bf96dfe9d0:   000000bf96dfea00 0000000000000000
0x000000bf96dfe9e0:   0000000000000001 0000000000000000
0x000000bf96dfe9f0:   0000000000000000 000000006f7354e7
0x000000bf96dfea00:   0000000000000a8e 0000000000000000
0x000000bf96dfea10:   0000028638e71a90 0000028638e3c120
0x000000bf96dfea20:   0000028638e3c120 000002863b671d00 

Instructions: (pc=0x000000006f93c313)
0x000000006f93c213:   00 00 89 44 24 78 0f 85 92 01 00 00 41 8b 91 b8
0x000000006f93c223:   01 00 00 85 d2 74 2c 83 ea 01 74 20 83 ea 01 74
0x000000006f93c233:   16 83 ea 01 74 0a 83 fa 02 75 23 8d 7a 06 eb 24
0x000000006f93c243:   bf 06 00 00 00 eb 1d 41 8b fe eb 18 bf 0b 00 00
0x000000006f93c253:   00 eb 11 bf 0c 00 00 00 41 83 f8 01 74 06 8b bd
0x000000006f93c263:   58 1f 00 00 41 8b b1 a8 01 00 00 b9 60 00 00 00
0x000000006f93c273:   45 8b b9 a0 01 00 00 e8 e1 dc 91 00 48 8b d8 44
0x000000006f93c283:   89 70 14 4c 89 70 20 4c 89 70 28 4c 89 70 38 4c
0x000000006f93c293:   89 70 40 4c 8d 70 50 33 c0 49 89 06 49 89 46 08
0x000000006f93c2a3:   8d 48 40 e8 05 cb f5 fe 48 89 00 48 89 40 08 48
0x000000006f93c2b3:   89 40 10 66 c7 40 18 01 01 49 89 06 48 8b 84 24
0x000000006f93c2c3:   80 00 00 00 48 89 9c c5 38 1f 00 00 48 8d 85 38
0x000000006f93c2d3:   1f 00 00 48 85 c0 0f 84 bd 00 00 00 8b 44 24 78
0x000000006f93c2e3:   44 89 63 08 45 33 e4 89 73 18 41 8b f4 89 03 c7
0x000000006f93c2f3:   43 04 00 01 00 00 89 7b 0c 44 89 6b 10 45 85 ff
0x000000006f93c303:   74 59 48 8b d5 48 8b cb e8 a0 f9 00 00 48 8b f8
0x000000006f93c313:   4c 39 20 74 46 b9 18 00 00 00 e8 fe ec 92 00 48
0x000000006f93c323:   85 c0 74 05 48 89 38 eb 03 49 8b c4 4c 89 60 08
0x000000006f93c333:   4c 39 63 20 75 0a 4c 89 60 10 48 89 43 20 eb 10
0x000000006f93c343:   48 8b 4b 28 48 89 41 08 48 8b 4b 28 48 89 48 10
0x000000006f93c353:   ff c6 48 89 43 28 41 3b f7 72 a7 49 8b 1e 49 8b
0x000000006f93c363:   ce 48 8b 53 08 e8 b3 a7 04 00 49 8b 06 48 8b bc
0x000000006f93c373:   24 80 00 00 00 48 8b 74 24 20 48 89 58 08 49 8b
0x000000006f93c383:   06 48 89 18 49 8b 06 48 89 58 10 48 8b 9c 24 88
0x000000006f93c393:   00 00 00 4d 89 66 08 eb 18 48 8b 9c 24 88 00 00
0x000000006f93c3a3:   00 48 8b bc 24 80 00 00 00 48 8b 74 24 20 45 33
0x000000006f93c3b3:   e4 48 83 bc fd 48 1f 00 00 00 75 25 b9 18 00 00
0x000000006f93c3c3:   00 e8 97 db 91 00 48 8b 8c fd 38 1f 00 00 48 89
0x000000006f93c3d3:   08 44 89 60 10 4c 89 60 08 48 89 84 fd 48 1f 00
0x000000006f93c3e3:   00 48 83 c3 10 41 be 00 00 00 00 48 83 ee 01 48
0x000000006f93c3f3:   89 9c 24 88 00 00 00 48 89 74 24 20 0f 85 db fd
0x000000006f93c403:   ff ff 48 8b 5c 24 70 48 83 c4 30 41 5f 41 5e 41 


Stack slot to memory mapping:
stack at sp + 0 slots: 0x0000028600000000 is an unknown value
stack at sp + 1 slots: 0x000002863b671f60 points into unknown readable memory: 00 00 40 00 00 01 00 00
stack at sp + 2 slots: 0x0 is NULL
stack at sp + 3 slots: 0x000000000000000f is an unknown value
stack at sp + 4 slots: 0x0000000000000002 is an unknown value
stack at sp + 5 slots: 0x000000006f93e563 atio6axx.dll
stack at sp + 6 slots: 0x000002863b255f10 points into unknown readable memory: 20 d2 6d 70 00 00 00 00
stack at sp + 7 slots: 0x0000028638c7bdf0 points into unknown readable memory: 10 5f 25 3b 86 02 00 00


---------------  P R O C E S S  ---------------

Threads class SMR info:
_java_thread_list=0x0000028638b9db40, length=10, elements={
0x0000028619e0c000, 0x000002863812d000, 0x000002863812e800, 0x000002863814b800,
0x000002863814e800, 0x0000028638151800, 0x0000028638160000, 0x0000028638165000,
0x0000028638b9b800, 0x0000028638bb5800
}

Java Threads: ( => current thread )
=>0x0000028619e0c000 JavaThread "main" [_thread_in_native, id=11356, stack(0x000000bf96d00000,0x000000bf96e00000)]
  0x000002863812d000 JavaThread "Reference Handler" daemon [_thread_blocked, id=13408, stack(0x000000bf97400000,0x000000bf97500000)]
  0x000002863812e800 JavaThread "Finalizer" daemon [_thread_blocked, id=13808, stack(0x000000bf97500000,0x000000bf97600000)]
  0x000002863814b800 JavaThread "Signal Dispatcher" daemon [_thread_blocked, id=6524, stack(0x000000bf97600000,0x000000bf97700000)]
  0x000002863814e800 JavaThread "Attach Listener" daemon [_thread_blocked, id=11568, stack(0x000000bf97700000,0x000000bf97800000)]
  0x0000028638151800 JavaThread "C2 CompilerThread0" daemon [_thread_blocked, id=11944, stack(0x000000bf97800000,0x000000bf97900000)]
  0x0000028638160000 JavaThread "C1 CompilerThread0" daemon [_thread_blocked, id=13784, stack(0x000000bf97900000,0x000000bf97a00000)]
  0x0000028638165000 JavaThread "Sweeper thread" daemon [_thread_blocked, id=12416, stack(0x000000bf97a00000,0x000000bf97b00000)]
  0x0000028638b9b800 JavaThread "Service Thread" daemon [_thread_blocked, id=7340, stack(0x000000bf97b00000,0x000000bf97c00000)]
  0x0000028638bb5800 JavaThread "Common-Cleaner" daemon [_thread_blocked, id=2520, stack(0x000000bf97d00000,0x000000bf97e00000)]

Other Threads:
  0x000002863812c000 VMThread "VM Thread" [stack: 0x000000bf97300000,0x000000bf97400000] [id=15300]
  0x0000028638bb0800 WatcherThread [stack: 0x000000bf97c00000,0x000000bf97d00000] [id=13796]
  0x0000028619e47000 GCTaskThread "GC Thread#0" [stack: 0x000000bf96e00000,0x000000bf96f00000] [id=15076]
  0x0000028619e57800 ConcurrentGCThread "G1 Main Marker" [stack: 0x000000bf96f00000,0x000000bf97000000] [id=276]
  0x0000028619e5b000 ConcurrentGCThread "G1 Conc#0" [stack: 0x000000bf97000000,0x000000bf97100000] [id=1528]
  0x0000028619ee8000 ConcurrentGCThread "G1 Refine#0" [stack: 0x000000bf97100000,0x000000bf97200000] [id=13344]
  0x0000028619ee9000 ConcurrentGCThread "G1 Young RemSet Sampling" [stack: 0x000000bf97200000,0x000000bf97300000] [id=7540]

Threads with active compile tasks:

VM state:not at safepoint (normal execution)

VM Mutex/Monitor currently owned by a thread: None

Heap address: 0x0000000091400000, size: 1772 MB, Compressed Oops mode: 32-bit
Narrow klass base: 0x0000000800000000, Narrow klass shift: 3
Compressed class space size: 1073741824 Address: 0x0000000801190000

Heap:
 garbage-first heap   total 114688K, used 4096K [0x0000000091400000, 0x0000000100000000)
  region size 1024K, 6 young (6144K), 0 survivors (0K)
 Metaspace       used 1973K, capacity 5424K, committed 5632K, reserved 1056768K
  class space    used 149K, capacity 490K, committed 512K, reserved 1048576K
Heap Regions: E=young(eden), S=young(survivor), O=old, HS=humongous(starts), HC=humongous(continues), CS=collection set, F=free, A=archive, TAMS=top-at-mark-start (previous, next)
|   0|0x0000000091400000, 0x0000000091400000, 0x0000000091500000|  0%| F|  |TAMS 0x0000000091400000, 0x0000000091400000| Untracked 
|   1|0x0000000091500000, 0x0000000091500000, 0x0000000091600000|  0%| F|  |TAMS 0x0000000091500000, 0x0000000091500000| Untracked 
|   2|0x0000000091600000, 0x0000000091600000, 0x0000000091700000|  0%| F|  |TAMS 0x0000000091600000, 0x0000000091600000| Untracked 
|   3|0x0000000091700000, 0x0000000091700000, 0x0000000091800000|  0%| F|  |TAMS 0x0000000091700000, 0x0000000091700000| Untracked 
|   4|0x0000000091800000, 0x0000000091800000, 0x0000000091900000|  0%| F|  |TAMS 0x0000000091800000, 0x0000000091800000| Untracked 
|   5|0x0000000091900000, 0x0000000091900000, 0x0000000091a00000|  0%| F|  |TAMS 0x0000000091900000, 0x0000000091900000| Untracked 
|   6|0x0000000091a00000, 0x0000000091a00000, 0x0000000091b00000|  0%| F|  |TAMS 0x0000000091a00000, 0x0000000091a00000| Untracked 
|   7|0x0000000091b00000, 0x0000000091b00000, 0x0000000091c00000|  0%| F|  |TAMS 0x0000000091b00000, 0x0000000091b00000| Untracked 
|   8|0x0000000091c00000, 0x0000000091c00000, 0x0000000091d00000|  0%| F|  |TAMS 0x0000000091c00000, 0x0000000091c00000| Untracked 
|   9|0x0000000091d00000, 0x0000000091d00000, 0x0000000091e00000|  0%| F|  |TAMS 0x0000000091d00000, 0x0000000091d00000| Untracked 
|  10|0x0000000091e00000, 0x0000000091e00000, 0x0000000091f00000|  0%| F|  |TAMS 0x0000000091e00000, 0x0000000091e00000| Untracked 
|  11|0x0000000091f00000, 0x0000000091f00000, 0x0000000092000000|  0%| F|  |TAMS 0x0000000091f00000, 0x0000000091f00000| Untracked 
|  12|0x0000000092000000, 0x0000000092000000, 0x0000000092100000|  0%| F|  |TAMS 0x0000000092000000, 0x0000000092000000| Untracked 
|  13|0x0000000092100000, 0x0000000092100000, 0x0000000092200000|  0%| F|  |TAMS 0x0000000092100000, 0x0000000092100000| Untracked 
|  14|0x0000000092200000, 0x0000000092200000, 0x0000000092300000|  0%| F|  |TAMS 0x0000000092200000, 0x0000000092200000| Untracked 
|  15|0x0000000092300000, 0x0000000092300000, 0x0000000092400000|  0%| F|  |TAMS 0x0000000092300000, 0x0000000092300000| Untracked 
|  16|0x0000000092400000, 0x0000000092400000, 0x0000000092500000|  0%| F|  |TAMS 0x0000000092400000, 0x0000000092400000| Untracked 
|  17|0x0000000092500000, 0x0000000092500000, 0x0000000092600000|  0%| F|  |TAMS 0x0000000092500000, 0x0000000092500000| Untracked 
|  18|0x0000000092600000, 0x0000000092600000, 0x0000000092700000|  0%| F|  |TAMS 0x0000000092600000, 0x0000000092600000| Untracked 
|  19|0x0000000092700000, 0x0000000092700000, 0x0000000092800000|  0%| F|  |TAMS 0x0000000092700000, 0x0000000092700000| Untracked 
|  20|0x0000000092800000, 0x0000000092800000, 0x0000000092900000|  0%| F|  |TAMS 0x0000000092800000, 0x0000000092800000| Untracked 
|  21|0x0000000092900000, 0x0000000092900000, 0x0000000092a00000|  0%| F|  |TAMS 0x0000000092900000, 0x0000000092900000| Untracked 
|  22|0x0000000092a00000, 0x0000000092a00000, 0x0000000092b00000|  0%| F|  |TAMS 0x0000000092a00000, 0x0000000092a00000| Untracked 
|  23|0x0000000092b00000, 0x0000000092b00000, 0x0000000092c00000|  0%| F|  |TAMS 0x0000000092b00000, 0x0000000092b00000| Untracked 
|  24|0x0000000092c00000, 0x0000000092c00000, 0x0000000092d00000|  0%| F|  |TAMS 0x0000000092c00000, 0x0000000092c00000| Untracked 
|  25|0x0000000092d00000, 0x0000000092d00000, 0x0000000092e00000|  0%| F|  |TAMS 0x0000000092d00000, 0x0000000092d00000| Untracked 
|  26|0x0000000092e00000, 0x0000000092e00000, 0x0000000092f00000|  0%| F|  |TAMS 0x0000000092e00000, 0x0000000092e00000| Untracked 
|  27|0x0000000092f00000, 0x0000000092f00000, 0x0000000093000000|  0%| F|  |TAMS 0x0000000092f00000, 0x0000000092f00000| Untracked 
|  28|0x0000000093000000, 0x0000000093000000, 0x0000000093100000|  0%| F|  |TAMS 0x0000000093000000, 0x0000000093000000| Untracked 
|  29|0x0000000093100000, 0x0000000093100000, 0x0000000093200000|  0%| F|  |TAMS 0x0000000093100000, 0x0000000093100000| Untracked 
|  30|0x0000000093200000, 0x0000000093200000, 0x0000000093300000|  0%| F|  |TAMS 0x0000000093200000, 0x0000000093200000| Untracked 
|  31|0x0000000093300000, 0x0000000093300000, 0x0000000093400000|  0%| F|  |TAMS 0x0000000093300000, 0x0000000093300000| Untracked 
|  32|0x0000000093400000, 0x0000000093400000, 0x0000000093500000|  0%| F|  |TAMS 0x0000000093400000, 0x0000000093400000| Untracked 
|  33|0x0000000093500000, 0x0000000093500000, 0x0000000093600000|  0%| F|  |TAMS 0x0000000093500000, 0x0000000093500000| Untracked 
|  34|0x0000000093600000, 0x0000000093600000, 0x0000000093700000|  0%| F|  |TAMS 0x0000000093600000, 0x0000000093600000| Untracked 
|  35|0x0000000093700000, 0x0000000093700000, 0x0000000093800000|  0%| F|  |TAMS 0x0000000093700000, 0x0000000093700000| Untracked 
|  36|0x0000000093800000, 0x0000000093800000, 0x0000000093900000|  0%| F|  |TAMS 0x0000000093800000, 0x0000000093800000| Untracked 
|  37|0x0000000093900000, 0x0000000093900000, 0x0000000093a00000|  0%| F|  |TAMS 0x0000000093900000, 0x0000000093900000| Untracked 
|  38|0x0000000093a00000, 0x0000000093a00000, 0x0000000093b00000|  0%| F|  |TAMS 0x0000000093a00000, 0x0000000093a00000| Untracked 
|  39|0x0000000093b00000, 0x0000000093b00000, 0x0000000093c00000|  0%| F|  |TAMS 0x0000000093b00000, 0x0000000093b00000| Untracked 
|  40|0x0000000093c00000, 0x0000000093c00000, 0x0000000093d00000|  0%| F|  |TAMS 0x0000000093c00000, 0x0000000093c00000| Untracked 
|  41|0x0000000093d00000, 0x0000000093d00000, 0x0000000093e00000|  0%| F|  |TAMS 0x0000000093d00000, 0x0000000093d00000| Untracked 
|  42|0x0000000093e00000, 0x0000000093e00000, 0x0000000093f00000|  0%| F|  |TAMS 0x0000000093e00000, 0x0000000093e00000| Untracked 
|  43|0x0000000093f00000, 0x0000000093f00000, 0x0000000094000000|  0%| F|  |TAMS 0x0000000093f00000, 0x0000000093f00000| Untracked 
|  44|0x0000000094000000, 0x0000000094000000, 0x0000000094100000|  0%| F|  |TAMS 0x0000000094000000, 0x0000000094000000| Untracked 
|  45|0x0000000094100000, 0x0000000094100000, 0x0000000094200000|  0%| F|  |TAMS 0x0000000094100000, 0x0000000094100000| Untracked 
|  46|0x0000000094200000, 0x0000000094200000, 0x0000000094300000|  0%| F|  |TAMS 0x0000000094200000, 0x0000000094200000| Untracked 
|  47|0x0000000094300000, 0x0000000094300000, 0x0000000094400000|  0%| F|  |TAMS 0x0000000094300000, 0x0000000094300000| Untracked 
|  48|0x0000000094400000, 0x0000000094400000, 0x0000000094500000|  0%| F|  |TAMS 0x0000000094400000, 0x0000000094400000| Untracked 
|  49|0x0000000094500000, 0x0000000094500000, 0x0000000094600000|  0%| F|  |TAMS 0x0000000094500000, 0x0000000094500000| Untracked 
|  50|0x0000000094600000, 0x0000000094600000, 0x0000000094700000|  0%| F|  |TAMS 0x0000000094600000, 0x0000000094600000| Untracked 
|  51|0x0000000094700000, 0x0000000094700000, 0x0000000094800000|  0%| F|  |TAMS 0x0000000094700000, 0x0000000094700000| Untracked 
|  52|0x0000000094800000, 0x0000000094800000, 0x0000000094900000|  0%| F|  |TAMS 0x0000000094800000, 0x0000000094800000| Untracked 
|  53|0x0000000094900000, 0x0000000094900000, 0x0000000094a00000|  0%| F|  |TAMS 0x0000000094900000, 0x0000000094900000| Untracked 
|  54|0x0000000094a00000, 0x0000000094a00000, 0x0000000094b00000|  0%| F|  |TAMS 0x0000000094a00000, 0x0000000094a00000| Untracked 
|  55|0x0000000094b00000, 0x0000000094b00000, 0x0000000094c00000|  0%| F|  |TAMS 0x0000000094b00000, 0x0000000094b00000| Untracked 
|  56|0x0000000094c00000, 0x0000000094c00000, 0x0000000094d00000|  0%| F|  |TAMS 0x0000000094c00000, 0x0000000094c00000| Untracked 
|  57|0x0000000094d00000, 0x0000000094d00000, 0x0000000094e00000|  0%| F|  |TAMS 0x0000000094d00000, 0x0000000094d00000| Untracked 
|  58|0x0000000094e00000, 0x0000000094e00000, 0x0000000094f00000|  0%| F|  |TAMS 0x0000000094e00000, 0x0000000094e00000| Untracked 
|  59|0x0000000094f00000, 0x0000000094f00000, 0x0000000095000000|  0%| F|  |TAMS 0x0000000094f00000, 0x0000000094f00000| Untracked 
|  60|0x0000000095000000, 0x0000000095000000, 0x0000000095100000|  0%| F|  |TAMS 0x0000000095000000, 0x0000000095000000| Untracked 
|  61|0x0000000095100000, 0x0000000095100000, 0x0000000095200000|  0%| F|  |TAMS 0x0000000095100000, 0x0000000095100000| Untracked 
|  62|0x0000000095200000, 0x0000000095200000, 0x0000000095300000|  0%| F|  |TAMS 0x0000000095200000, 0x0000000095200000| Untracked 
|  63|0x0000000095300000, 0x0000000095300000, 0x0000000095400000|  0%| F|  |TAMS 0x0000000095300000, 0x0000000095300000| Untracked 
|  64|0x0000000095400000, 0x0000000095400000, 0x0000000095500000|  0%| F|  |TAMS 0x0000000095400000, 0x0000000095400000| Untracked 
|  65|0x0000000095500000, 0x0000000095500000, 0x0000000095600000|  0%| F|  |TAMS 0x0000000095500000, 0x0000000095500000| Untracked 
|  66|0x0000000095600000, 0x0000000095600000, 0x0000000095700000|  0%| F|  |TAMS 0x0000000095600000, 0x0000000095600000| Untracked 
|  67|0x0000000095700000, 0x0000000095700000, 0x0000000095800000|  0%| F|  |TAMS 0x0000000095700000, 0x0000000095700000| Untracked 
|  68|0x0000000095800000, 0x0000000095800000, 0x0000000095900000|  0%| F|  |TAMS 0x0000000095800000, 0x0000000095800000| Untracked 
|  69|0x0000000095900000, 0x0000000095900000, 0x0000000095a00000|  0%| F|  |TAMS 0x0000000095900000, 0x0000000095900000| Untracked 
|  70|0x0000000095a00000, 0x0000000095a00000, 0x0000000095b00000|  0%| F|  |TAMS 0x0000000095a00000, 0x0000000095a00000| Untracked 
|  71|0x0000000095b00000, 0x0000000095b00000, 0x0000000095c00000|  0%| F|  |TAMS 0x0000000095b00000, 0x0000000095b00000| Untracked 
|  72|0x0000000095c00000, 0x0000000095c00000, 0x0000000095d00000|  0%| F|  |TAMS 0x0000000095c00000, 0x0000000095c00000| Untracked 
|  73|0x0000000095d00000, 0x0000000095d00000, 0x0000000095e00000|  0%| F|  |TAMS 0x0000000095d00000, 0x0000000095d00000| Untracked 
|  74|0x0000000095e00000, 0x0000000095e00000, 0x0000000095f00000|  0%| F|  |TAMS 0x0000000095e00000, 0x0000000095e00000| Untracked 
|  75|0x0000000095f00000, 0x0000000095f00000, 0x0000000096000000|  0%| F|  |TAMS 0x0000000095f00000, 0x0000000095f00000| Untracked 
|  76|0x0000000096000000, 0x0000000096000000, 0x0000000096100000|  0%| F|  |TAMS 0x0000000096000000, 0x0000000096000000| Untracked 
|  77|0x0000000096100000, 0x0000000096100000, 0x0000000096200000|  0%| F|  |TAMS 0x0000000096100000, 0x0000000096100000| Untracked 
|  78|0x0000000096200000, 0x0000000096200000, 0x0000000096300000|  0%| F|  |TAMS 0x0000000096200000, 0x0000000096200000| Untracked 
|  79|0x0000000096300000, 0x0000000096300000, 0x0000000096400000|  0%| F|  |TAMS 0x0000000096300000, 0x0000000096300000| Untracked 
|  80|0x0000000096400000, 0x0000000096400000, 0x0000000096500000|  0%| F|  |TAMS 0x0000000096400000, 0x0000000096400000| Untracked 
|  81|0x0000000096500000, 0x0000000096500000, 0x0000000096600000|  0%| F|  |TAMS 0x0000000096500000, 0x0000000096500000| Untracked 
|  82|0x0000000096600000, 0x0000000096600000, 0x0000000096700000|  0%| F|  |TAMS 0x0000000096600000, 0x0000000096600000| Untracked 
|  83|0x0000000096700000, 0x0000000096700000, 0x0000000096800000|  0%| F|  |TAMS 0x0000000096700000, 0x0000000096700000| Untracked 
|  84|0x0000000096800000, 0x0000000096800000, 0x0000000096900000|  0%| F|  |TAMS 0x0000000096800000, 0x0000000096800000| Untracked 
|  85|0x0000000096900000, 0x0000000096900000, 0x0000000096a00000|  0%| F|  |TAMS 0x0000000096900000, 0x0000000096900000| Untracked 
|  86|0x0000000096a00000, 0x0000000096a00000, 0x0000000096b00000|  0%| F|  |TAMS 0x0000000096a00000, 0x0000000096a00000| Untracked 
|  87|0x0000000096b00000, 0x0000000096b00000, 0x0000000096c00000|  0%| F|  |TAMS 0x0000000096b00000, 0x0000000096b00000| Untracked 
|  88|0x0000000096c00000, 0x0000000096c00000, 0x0000000096d00000|  0%| F|  |TAMS 0x0000000096c00000, 0x0000000096c00000| Untracked 
|  89|0x0000000096d00000, 0x0000000096d00000, 0x0000000096e00000|  0%| F|  |TAMS 0x0000000096d00000, 0x0000000096d00000| Untracked 
|  90|0x0000000096e00000, 0x0000000096e00000, 0x0000000096f00000|  0%| F|  |TAMS 0x0000000096e00000, 0x0000000096e00000| Untracked 
|  91|0x0000000096f00000, 0x0000000096f00000, 0x0000000097000000|  0%| F|  |TAMS 0x0000000096f00000, 0x0000000096f00000| Untracked 
|  92|0x0000000097000000, 0x0000000097000000, 0x0000000097100000|  0%| F|  |TAMS 0x0000000097000000, 0x0000000097000000| Untracked 
|  93|0x0000000097100000, 0x0000000097100000, 0x0000000097200000|  0%| F|  |TAMS 0x0000000097100000, 0x0000000097100000| Untracked 
|  94|0x0000000097200000, 0x0000000097200000, 0x0000000097300000|  0%| F|  |TAMS 0x0000000097200000, 0x0000000097200000| Untracked 
|  95|0x0000000097300000, 0x0000000097300000, 0x0000000097400000|  0%| F|  |TAMS 0x0000000097300000, 0x0000000097300000| Untracked 
|  96|0x0000000097400000, 0x0000000097400000, 0x0000000097500000|  0%| F|  |TAMS 0x0000000097400000, 0x0000000097400000| Untracked 
|  97|0x0000000097500000, 0x0000000097500000, 0x0000000097600000|  0%| F|  |TAMS 0x0000000097500000, 0x0000000097500000| Untracked 
|  98|0x0000000097600000, 0x0000000097600000, 0x0000000097700000|  0%| F|  |TAMS 0x0000000097600000, 0x0000000097600000| Untracked 
|  99|0x0000000097700000, 0x0000000097700000, 0x0000000097800000|  0%| F|  |TAMS 0x0000000097700000, 0x0000000097700000| Untracked 
| 100|0x0000000097800000, 0x0000000097800000, 0x0000000097900000|  0%| F|  |TAMS 0x0000000097800000, 0x0000000097800000| Untracked 
| 101|0x0000000097900000, 0x0000000097900000, 0x0000000097a00000|  0%| F|  |TAMS 0x0000000097900000, 0x0000000097900000| Untracked 
| 102|0x0000000097a00000, 0x0000000097a00000, 0x0000000097b00000|  0%| F|  |TAMS 0x0000000097a00000, 0x0000000097a00000| Untracked 
| 103|0x0000000097b00000, 0x0000000097b00000, 0x0000000097c00000|  0%| F|  |TAMS 0x0000000097b00000, 0x0000000097b00000| Untracked 
| 104|0x0000000097c00000, 0x0000000097c00000, 0x0000000097d00000|  0%| F|  |TAMS 0x0000000097c00000, 0x0000000097c00000| Untracked 
| 105|0x0000000097d00000, 0x0000000097d00000, 0x0000000097e00000|  0%| F|  |TAMS 0x0000000097d00000, 0x0000000097d00000| Untracked 
| 106|0x0000000097e00000, 0x0000000097e84030, 0x0000000097f00000| 51%| E|  |TAMS 0x0000000097e00000, 0x0000000097e00000| Complete 
| 107|0x0000000097f00000, 0x0000000098000000, 0x0000000098000000|100%| E|CS|TAMS 0x0000000097f00000, 0x0000000097f00000| Complete 
| 108|0x0000000098000000, 0x0000000098100000, 0x0000000098100000|100%| E|CS|TAMS 0x0000000098000000, 0x0000000098000000| Complete 
| 109|0x0000000098100000, 0x0000000098200000, 0x0000000098200000|100%| E|CS|TAMS 0x0000000098100000, 0x0000000098100000| Complete 
| 110|0x0000000098200000, 0x0000000098300000, 0x0000000098300000|100%| E|  |TAMS 0x0000000098200000, 0x0000000098200000| Complete 
| 111|0x0000000098300000, 0x0000000098400000, 0x0000000098400000|100%| E|CS|TAMS 0x0000000098300000, 0x0000000098300000| Complete 

Card table byte_map: [0x00000286318d0000,0x0000028631c50000] _byte_map_base: 0x0000028631446000

Marking Bits (Prev, Next): (CMBitMap*) 0x0000028619e47f28, (CMBitMap*) 0x0000028619e47f68
 Prev Bits: [0x0000028631fd0000, 0x0000028633b80000)
 Next Bits: [0x0000028633b80000, 0x0000028635730000)

Polling page: 0x00000286195f0000

Metaspace:

Usage:
  Non-class:      4.82 MB capacity,     1.78 MB ( 37%) used,     3.03 MB ( 63%) free+waste,     4.44 KB ( <1%) overhead. 
      Class:    490.00 KB capacity,   149.59 KB ( 31%) used,   337.84 KB ( 69%) free+waste,     2.56 KB ( <1%) overhead. 
       Both:      5.30 MB capacity,     1.93 MB ( 36%) used,     3.36 MB ( 63%) free+waste,     7.00 KB ( <1%) overhead. 

Virtual space:
  Non-class space:        8.00 MB reserved,       5.00 MB ( 63%) committed 
      Class space:        1.00 GB reserved,     512.00 KB ( <1%) committed 
             Both:        1.01 GB reserved,       5.50 MB ( <1%) committed 

Chunk freelists:
   Non-Class:  7.25 KB
       Class:  2.75 KB
        Both:  10.00 KB

CodeHeap 'non-profiled nmethods': size=120000Kb used=132Kb max_used=132Kb free=119867Kb
 bounds [0x0000028629cf0000, 0x0000028629f60000, 0x0000028631220000]
CodeHeap 'profiled nmethods': size=120000Kb used=659Kb max_used=659Kb free=119340Kb
 bounds [0x00000286227c0000, 0x0000028622a30000, 0x0000028629cf0000]
CodeHeap 'non-nmethods': size=5760Kb used=1394Kb max_used=1394Kb free=4366Kb
 bounds [0x0000028622220000, 0x0000028622490000, 0x00000286227c0000]
 total_blobs=1397 nmethods=448 adapters=758
 compilation: enabled
              stopped_count=0, restarted_count=0
 full_count=0

Compilation events (10 events):
Event: 0.517 Thread 0x0000028638160000  442       3       jdk.internal.misc.Unsafe::putByte (8 bytes)
Event: 0.517 Thread 0x0000028638160000 nmethod 442 0x0000028622863410 code [0x00000286228635c0, 0x0000028622863758]
Event: 0.518 Thread 0x0000028638160000  444       3       java.nio.ByteOrder::nativeOrder (4 bytes)
Event: 0.518 Thread 0x0000028638160000 nmethod 444 0x0000028622863810 code [0x00000286228639c0, 0x0000028622863b18]
Event: 0.519 Thread 0x0000028638160000  445       3       sun.misc.Unsafe::putInt (11 bytes)
Event: 0.519 Thread 0x0000028638160000 nmethod 445 0x0000028622863b90 code [0x0000028622863d40, 0x0000028622863eb8]
Event: 0.519 Thread 0x0000028638160000  447       3       org.lwjgl.system.MemoryUtil::encodeASCII (66 bytes)
Event: 0.520 Thread 0x0000028638160000 nmethod 447 0x0000028622863f90 code [0x00000286228641a0, 0x00000286228647a0]
Event: 0.696 Thread 0x0000028638160000  448       3       java.util.concurrent.ConcurrentHashMap$BaseIterator::hasNext (13 bytes)
Event: 0.697 Thread 0x0000028638160000 nmethod 448 0x0000028622864a10 code [0x0000028622864bc0, 0x0000028622864d98]

GC Heap History (0 events):
No events

Deoptimization events (1 events):
Event: 0.194 Thread 0x0000028619e0c000 Uncommon trap: reason=unstable_if action=reinterpret pc=0x0000028629cf4c3c method=java.lang.String.hashCode()I @ 14 c2

Classes redefined (0 events):
No events

Internal exceptions (6 events):
Event: 0.352 Thread 0x0000028619e0c000 Exception <a 'java/lang/NoSuchMethodError'{0x000000009805b2b8}: java.lang.invoke.DelegatingMethodHandle$Holder.delegate(Ljava/lang/Object;Ljava/lang/Object;ILjava/lang/Object;)V> (0x000000009805b2b8) thrown at [t:/workspace/open/src/hotspot/share/interpre
Event: 0.354 Thread 0x0000028619e0c000 Exception <a 'java/lang/NoSuchMethodError'{0x0000000098062028}: java.lang.invoke.DirectMethodHandle$Holder.invokeStaticInit(Ljava/lang/Object;Ljava/lang/Object;Ljava/lang/Object;)Ljava/lang/Object;> (0x0000000098062028) thrown at [t:/workspace/open/src/ho
Event: 0.420 Thread 0x0000028619e0c000 Exception <a 'sun/nio/fs/WindowsException'{0x0000000097f13110}> (0x0000000097f13110) thrown at [t:/workspace/open/src/hotspot/share/prims/jni.cpp, line 615]
Event: 0.420 Thread 0x0000028619e0c000 Exception <a 'sun/nio/fs/WindowsException'{0x0000000097f13650}> (0x0000000097f13650) thrown at [t:/workspace/open/src/hotspot/share/prims/jni.cpp, line 615]
Event: 0.481 Thread 0x0000028619e0c000 Exception <a 'sun/nio/fs/WindowsException'{0x0000000097e1fc00}> (0x0000000097e1fc00) thrown at [t:/workspace/open/src/hotspot/share/prims/jni.cpp, line 615]
Event: 0.481 Thread 0x0000028619e0c000 Exception <a 'sun/nio/fs/WindowsException'{0x0000000097e1ff58}> (0x0000000097e1ff58) thrown at [t:/workspace/open/src/hotspot/share/prims/jni.cpp, line 615]

Events (10 events):
Event: 0.485 loading class org/lwjgl/system/windows/WinBase
Event: 0.485 loading class org/lwjgl/system/windows/WinBase done
Event: 0.510 loading class jdk/internal/reflect/UnsafeQualifiedStaticIntegerFieldAccessorImpl
Event: 0.510 loading class jdk/internal/reflect/UnsafeQualifiedStaticIntegerFieldAccessorImpl done
Event: 0.515 loading class org/lwjgl/glfw/GLFW$Functions
Event: 0.515 loading class org/lwjgl/glfw/GLFW$Functions done
Event: 0.519 loading class org/lwjgl/system/JNI
Event: 0.519 loading class org/lwjgl/system/JNI done
Event: 0.695 loading class org/lwjgl/glfw/EventLoop$OffScreen
Event: 0.695 loading class org/lwjgl/glfw/EventLoop$OffScreen done


Dynamic libraries:
0x00007ff6a4820000 - 0x00007ff6a482f000 	C:\Program Files\Java\jdk-12.0.2\bin\javaw.exe
0x00007ff804b90000 - 0x00007ff804d85000 	C:\WINDOWS\SYSTEM32\ntdll.dll
0x00007ff802be0000 - 0x00007ff802c9e000 	C:\WINDOWS\System32\KERNEL32.DLL
0x00007ff8026c0000 - 0x00007ff802988000 	C:\WINDOWS\System32\KERNELBASE.dll
0x00007ff8024a0000 - 0x00007ff8025a0000 	C:\WINDOWS\System32\ucrtbase.dll
0x00007ffff2250000 - 0x00007ffff2268000 	C:\Program Files\Java\jdk-12.0.2\bin\jli.dll
0x00007ffff2190000 - 0x00007ffff21a6000 	C:\Program Files\Java\jdk-12.0.2\bin\VCRUNTIME140.dll
0x00007ff802dc0000 - 0x00007ff802e6e000 	C:\WINDOWS\System32\ADVAPI32.dll
0x00007ff8033b0000 - 0x00007ff80344e000 	C:\WINDOWS\System32\msvcrt.dll
0x00007ff804770000 - 0x00007ff80480c000 	C:\WINDOWS\System32\sechost.dll
0x00007ff803910000 - 0x00007ff803a35000 	C:\WINDOWS\System32\RPCRT4.dll
0x00007ff804420000 - 0x00007ff8045c0000 	C:\WINDOWS\System32\USER32.dll
0x00007ff801640000 - 0x00007ff8018da000 	C:\WINDOWS\WinSxS\amd64_microsoft.windows.common-controls_6595b64144ccf1df_6.0.19041.1110_none_60b5254171f9507e\COMCTL32.dll
0x00007ff802440000 - 0x00007ff802462000 	C:\WINDOWS\System32\win32u.dll
0x00007ff804320000 - 0x00007ff80434b000 	C:\WINDOWS\System32\GDI32.dll
0x00007ff8022a0000 - 0x00007ff8023ad000 	C:\WINDOWS\System32\gdi32full.dll
0x00007ff802b40000 - 0x00007ff802bdd000 	C:\WINDOWS\System32\msvcp_win.dll
0x00007ffffb350000 - 0x00007ffffb35a000 	C:\WINDOWS\SYSTEM32\VERSION.dll
0x00007ff802d90000 - 0x00007ff802dc0000 	C:\WINDOWS\System32\IMM32.DLL
0x00007fffe7420000 - 0x00007fffe74ca000 	C:\Program Files\Java\jdk-12.0.2\bin\msvcp140.dll
0x00007fffb0a90000 - 0x00007fffb1607000 	C:\Program Files\Java\jdk-12.0.2\bin\server\jvm.dll
0x00007ff802ca0000 - 0x00007ff802ca8000 	C:\WINDOWS\System32\PSAPI.DLL
0x00007ffff9080000 - 0x00007ffff90a7000 	C:\WINDOWS\SYSTEM32\WINMM.dll
0x00007ffff2730000 - 0x00007ffff2739000 	C:\WINDOWS\SYSTEM32\WSOCK32.dll
0x00007ff8034e0000 - 0x00007ff80354b000 	C:\WINDOWS\System32\WS2_32.dll
0x00007ff800300000 - 0x00007ff800312000 	C:\WINDOWS\SYSTEM32\kernel.appcore.dll
0x00007fffea0e0000 - 0x00007fffea0f1000 	C:\Program Files\Java\jdk-12.0.2\bin\verify.dll
0x00007ff801d20000 - 0x00007ff801f04000 	C:\WINDOWS\SYSTEM32\DBGHELP.DLL
0x00007ff8019f0000 - 0x00007ff801a1c000 	C:\WINDOWS\SYSTEM32\dbgcore.DLL
0x00007ff8023b0000 - 0x00007ff802432000 	C:\WINDOWS\System32\bcryptPrimitives.dll
0x00007fffe7150000 - 0x00007fffe7176000 	C:\Program Files\Java\jdk-12.0.2\bin\java.dll
0x00007fffe74d0000 - 0x00007fffe74e7000 	C:\Program Files\Java\jdk-12.0.2\bin\zip.dll
0x00007ffff2720000 - 0x00007ffff272a000 	C:\Program Files\Java\jdk-12.0.2\bin\jimage.dll
0x00007ff803ac0000 - 0x00007ff804204000 	C:\WINDOWS\System32\SHELL32.dll
0x00007fffff1c0000 - 0x00007fffff954000 	C:\WINDOWS\SYSTEM32\windows.storage.dll
0x00007ff803550000 - 0x00007ff8038a5000 	C:\WINDOWS\System32\combase.dll
0x00007ff8015a0000 - 0x00007ff8015ce000 	C:\WINDOWS\SYSTEM32\Wldp.dll
0x00007ff802e70000 - 0x00007ff802f1d000 	C:\WINDOWS\System32\SHCORE.dll
0x00007ff8038b0000 - 0x00007ff803905000 	C:\WINDOWS\System32\shlwapi.dll
0x00007ff8021e0000 - 0x00007ff8021ff000 	C:\WINDOWS\SYSTEM32\profapi.dll
0x00007fffe7340000 - 0x00007fffe7359000 	C:\Program Files\Java\jdk-12.0.2\bin\net.dll
0x00007ffff9be0000 - 0x00007ffff9cec000 	C:\WINDOWS\SYSTEM32\WINHTTP.dll
0x00007ffff8460000 - 0x00007ffff864b000 	C:\WINDOWS\SYSTEM32\urlmon.dll
0x00007ffff4370000 - 0x00007ffff4621000 	C:\WINDOWS\SYSTEM32\iertutil.dll
0x00007ffff2fd0000 - 0x00007ffff2ff8000 	C:\WINDOWS\SYSTEM32\srvcli.dll
0x00007ff801100000 - 0x00007ff80110c000 	C:\WINDOWS\SYSTEM32\netutils.dll
0x00007ff801300000 - 0x00007ff80136a000 	C:\WINDOWS\system32\mswsock.dll
0x00007fffe7130000 - 0x00007fffe7143000 	C:\Program Files\Java\jdk-12.0.2\bin\nio.dll
0x00007fffe72d0000 - 0x00007fffe7334000 	C:\Users\RAC\AppData\Local\Temp\lwjglRAC\3.2.3-build-13\lwjgl.dll
0x00007fffe65f0000 - 0x00007fffe6652000 	C:\Users\RAC\AppData\Local\Temp\lwjglRAC\3.2.3-build-13\glfw.dll
0x00007fffff040000 - 0x00007fffff0de000 	C:\WINDOWS\system32\uxtheme.dll
0x00007fffe83a0000 - 0x00007fffe83e5000 	C:\WINDOWS\SYSTEM32\dinput8.dll
0x00007ffff2280000 - 0x00007ffff2291000 	C:\WINDOWS\SYSTEM32\xinput1_4.dll
0x00007ff802af0000 - 0x00007ff802b3e000 	C:\WINDOWS\System32\cfgmgr32.dll
0x00007ff801f70000 - 0x00007ff801fa4000 	C:\WINDOWS\SYSTEM32\DEVOBJ.dll
0x00007ff800120000 - 0x00007ff80014f000 	C:\WINDOWS\SYSTEM32\dwmapi.dll
0x00007ffff7070000 - 0x00007ffff71c2000 	C:\WINDOWS\SYSTEM32\inputhost.dll
0x00007ff804350000 - 0x00007ff80441d000 	C:\WINDOWS\System32\OLEAUT32.dll
0x00007ffffe9f0000 - 0x00007ffffeb44000 	C:\WINDOWS\SYSTEM32\wintypes.dll
0x00007ffffeb50000 - 0x00007ffffec42000 	C:\WINDOWS\SYSTEM32\CoreMessaging.dll
0x00007ffffc430000 - 0x00007ffffc526000 	C:\WINDOWS\SYSTEM32\PROPSYS.dll
0x00007ffffec50000 - 0x00007ffffefae000 	C:\WINDOWS\SYSTEM32\CoreUIComponents.dll
0x00007ff801f10000 - 0x00007ff801f43000 	C:\WINDOWS\SYSTEM32\ntmarta.dll
0x00007ff804a30000 - 0x00007ff804b46000 	C:\WINDOWS\System32\MSCTF.dll
0x00007ff800500000 - 0x00007ff80050d000 	C:\WINDOWS\SYSTEM32\HID.DLL
0x00007ff802f30000 - 0x00007ff8033a2000 	C:\WINDOWS\System32\SETUPAPI.DLL
0x00007ff802470000 - 0x00007ff802497000 	C:\WINDOWS\System32\bcrypt.dll
0x00007ff802650000 - 0x00007ff8026b9000 	C:\WINDOWS\System32\WINTRUST.dll
0x00007ff802990000 - 0x00007ff802ae6000 	C:\WINDOWS\System32\CRYPT32.dll
0x00007ff8019d0000 - 0x00007ff8019e2000 	C:\WINDOWS\SYSTEM32\MSASN1.dll
0x00007fffe6dc0000 - 0x00007fffe6ee5000 	C:\WINDOWS\SYSTEM32\opengl32.dll
0x00007fffe79c0000 - 0x00007fffe79ec000 	C:\WINDOWS\SYSTEM32\GLU32.dll
0x00007ff804210000 - 0x00007ff8042b9000 	C:\WINDOWS\System32\clbcatq.dll
0x00007fffe9020000 - 0x00007fffe9047000 	C:\WINDOWS\System32\DriverStore\FileRepository\c0335955.inf_amd64_a22a7df1ece66335\B335460\atig6pxx.dll
0x000000006e770000 - 0x0000000070d20000 	C:\WINDOWS\System32\DriverStore\FileRepository\c0335955.inf_amd64_a22a7df1ece66335\B335460\atio6axx.dll
0x00007ff804870000 - 0x00007ff80499a000 	C:\WINDOWS\System32\ole32.dll
0x00007fffe11b0000 - 0x00007fffe11d4000 	C:\WINDOWS\SYSTEM32\dxva2.dll
0x00007fffe8f00000 - 0x00007fffe8f3b000 	C:\WINDOWS\SYSTEM32\atig6txx.dll
0x00007fffaf6c0000 - 0x00007fffaf855000 	C:\WINDOWS\SYSTEM32\atiadlxx.dll
0x00007ffff9b80000 - 0x00007ffff9bbb000 	C:\WINDOWS\SYSTEM32\dxcore.dll

dbghelp: loaded successfully - version: 4.0.5 - missing functions: none
symbol engine: initialized successfully - sym options: 0x614 - pdb path: .;C:\Program Files\Java\jdk-12.0.2\bin;C:\WINDOWS\SYSTEM32;C:\WINDOWS\WinSxS\amd64_microsoft.windows.common-controls_6595b64144ccf1df_6.0.19041.1110_none_60b5254171f9507e;C:\Program Files\Java\jdk-12.0.2\bin\server;C:\Users\RAC\AppData\Local\Temp\lwjglRAC\3.2.3-build-13;C:\WINDOWS\System32\DriverStore\FileRepository\c0335955.inf_amd64_a22a7df1ece66335\B335460

VM Arguments:
jvm_args: -ea -Dfile.encoding=Cp1252 
java_command: Main java.library.paths=libs
java_class_path (initial): C:\Users\RAC\Desktop\drawer\Practice\super5\bin\main;C:\Users\RAC\.gradle\caches\modules-2\files-2.1\io.imgui.java\binding\1.76-0.9\26b8c5547da3642e214d9ace5a6c624e1ed315b7\binding-1.76-0.9.jar;C:\Users\RAC\.gradle\caches\modules-2\files-2.1\io.imgui.java\lwjgl3\1.76-0.9\e59d2c987f7992b35f69f83e3554590de40c7e79\lwjgl3-1.76-0.9.jar;C:\Users\RAC\.gradle\caches\modules-2\files-2.1\org.lwjgl\lwjgl-assimp\3.2.3\f62aa07a20afbdd3097efc296c4841e0d29700eb\lwjgl-assimp-3.2.3.jar;C:\Users\RAC\.gradle\caches\modules-2\files-2.1\org.lwjgl\lwjgl-glfw\3.2.3\5e520d5c290c8b012545a8d34fa5db5ab051ea53\lwjgl-glfw-3.2.3.jar;C:\Users\RAC\.gradle\caches\modules-2\files-2.1\org.lwjgl\lwjgl-nfd\3.2.3\c44fee1043c022cf6614a28872d44cf114ca7737\lwjgl-nfd-3.2.3.jar;C:\Users\RAC\.gradle\caches\modules-2\files-2.1\org.lwjgl\lwjgl-openal\3.2.3\106742e805803ab9eab8e343f0fb31a3d263903c\lwjgl-openal-3.2.3.jar;C:\Users\RAC\.gradle\caches\modules-2\files-2.1\org.lwjgl\lwjgl-opengl\3.2.3\bdd534a323d0c8f54969b95e424b6ac8984f7d6e\lwjgl-opengl-3.2.3.jar;C:\Users\RAC\.gradle\caches\modules-2\files-2.1\org.lwjgl\lwjgl-stb\3.2.3\40eccaa4fa86fc815f2e17946a392fb5fdcc286a\lwjgl-stb-3.2.3.jar;C:\Users\RAC\.gradle\caches\modules-2\files-2.1\org.lwjgl\lwjgl\3.2.3\17a59ba0fe8d474ec9dbe0d5db40d2cfe59c4c08\lwjgl-3.2.3.jar;C:\Users\RAC\.gradle\caches\modules-2\files-2.1\org.joml\joml\1.9.23\2fe75c084b2c8b82dbf7106f46b9cdc444785acf\joml-1.9.23.jar;C:\Users\RAC\.gradle\caches\modules-2\files-2.1\org.lwjgl\lwjgl-glfw\3.2.3\b4d8a3477cdc2edcf7a5f1e822926be846223f54\lwjgl-glfw-3.2.3-natives-windows.jar;C:\Users\RAC\.gradle\caches\modules-2\files-2.1\org.lwjgl\lwjgl-opengl\3.2.3\e81cfc73ec8708e5e791ed770e4ec3edfc1bbab1\lwjgl-opengl-3.2.3-natives-windows.jar;C:\Users\RAC\.gradle\caches\modules-2\files-2.1\org.lwjgl\lwjgl-assimp\3.2.3\4e60aeb75f0343c4a9ede4ef8b6b32ca702a00a3\lwjgl-assimp-3.2.3-natives-windows.jar;C:\Users\RAC\.gradle\caches\modules-2\files-2.1\org.lwjgl\lwjgl-nfd\3.2.3\32782f5f5c5776
Launcher Type: SUN_STANDARD

[Global flags]
     intx CICompilerCount                          = 4                                         {product} {ergonomic}
     uint ConcGCThreads                            = 2                                         {product} {ergonomic}
     uint G1ConcRefinementThreads                  = 8                                         {product} {ergonomic}
   size_t G1HeapRegionSize                         = 1048576                                   {product} {ergonomic}
    uintx GCDrainStackTargetSize                   = 64                                        {product} {ergonomic}
   size_t InitialHeapSize                          = 117440512                                 {product} {ergonomic}
   size_t MarkStackSize                            = 4194304                                   {product} {ergonomic}
   size_t MaxHeapSize                              = 1858076672                                {product} {ergonomic}
   size_t MaxNewSize                               = 1114636288                                {product} {ergonomic}
   size_t MinHeapDeltaBytes                        = 1048576                                   {product} {ergonomic}
    uintx NonNMethodCodeHeapSize                   = 5836300                                {pd product} {ergonomic}
    uintx NonProfiledCodeHeapSize                  = 122910970                              {pd product} {ergonomic}
    uintx ProfiledCodeHeapSize                     = 122910970                              {pd product} {ergonomic}
    uintx ReservedCodeCacheSize                    = 251658240                              {pd product} {ergonomic}
     bool SegmentedCodeCache                       = true                                      {product} {ergonomic}
     bool UseCompressedClassPointers               = true                                 {lp64_product} {ergonomic}
     bool UseCompressedOops                        = true                                 {lp64_product} {ergonomic}
     bool UseG1GC                                  = true                                      {product} {ergonomic}
     bool UseLargePagesIndividualAllocation        = false                                  {pd product} {ergonomic}

Logging:
Log output configuration:
 #0: stdout all=warning uptime,level,tags
 #1: stderr all=off uptime,level,tags

Environment Variables:
PATH=C:/Program Files/Java/jdk-12.0.2/bin/server;C:/Program Files/Java/jdk-12.0.2/bin;C:\Program Files\NVIDIA GPU Computing Toolkit\CUDA\v11.3\bin;C:\Program Files\NVIDIA GPU Computing Toolkit\CUDA\v11.3\libnvvp;C:\conda;C:\conda\Library\mingw-w64\bin;C:\conda\Library\usr\bin;C:\conda\Library\bin;C:\conda\Scripts;C:\Program Files\NVIDIA GPU Computing Toolkit\CUDA\v10.1\bin;C:\Program Files\NVIDIA GPU Computing Toolkit\CUDA\v10.1\libnvvp;C:\Program Files (x86)\Microsoft Visual Studio\Shared\Anaconda3_64\Scripts;C:\Program Files\NVIDIA Corporation\NVIDIA NvDLISR;C:\Program Files\NVIDIA GPU Computing Toolkit\CUDA\v10.1\;C:\wget\bin;C:\WINDOWS\system32;C:\WINDOWS;C:\WINDOWS\System32\Wbem;C:\WINDOWS\System32\WindowsPowerShell\v1.0\;C:\WINDOWS\System32\OpenSSH\;C:\Program Files\TortoiseHg\;C:\Program Files\MiKTeX 2.9\miktex\bin\x64\;C:\Program Files\NVIDIA Corporation\Nsight Compute 2021.1.0\;C:\Program Files (x86)\NVIDIA Corporation\PhysX\Common;C:\Program Files (x86)\ZED SDK\dependencies\freeglut_2.8\x64;C:\Program Files (x86)\ZED SDK\dependencies\glew-1.12.0\x64;C:\Program Files (x86)\ZED SDK\dependencies\opencv_3.1.0\x64;C:\Program Files (x86)\ZED SDK\bin;C:\Program Files\nodejs\;C:\ProgramData\chocolatey\bin;C:\Program Files\Microsoft MPI\Bin\;C:\Program Files\NVIDIA Corporation\bin;C:\Program Files\NVIDIA Corporation\libnvvp;C:\windows\system32;C:\windows;C:\windows\System32\Wbem;C:\windows\System32\WindowsPowerShell\v1.0\;C:\windows\System32\OpenSSH\;C:\Program Files (x86)\NVIDIA Corporation\PhysX\Common;C:\WINDOWS\system32;C:\WINDOWS;C:\WINDOWS\System32\Wbem;C:\WINDOWS\System32\WindowsPowerShell\v1.0\;C:\WINDOWS\System32\OpenSSH\;C:\Program Files\Git\cmd;C:\Program Files\NVIDIA Corporation\Nsight Compute 2019.1\;C:\Program Files\dotnet\;C:\Program Files\Microsoft SQL Server\130\Tools\Binn\;C:\Users\RAC\AppData\Local\Programs\Python\Python37-32\Scripts\;C:\Users\RAC\AppData\Local\Programs\Python\Python37-32\;C:\Users\RAC\AppData\Local\Microsoft\WindowsApps;C:\conda\Sc
USERNAME=RAC
OS=Windows_NT
PROCESSOR_IDENTIFIER=AMD64 Family 23 Model 17 Stepping 0, AuthenticAMD



---------------  S Y S T E M  ---------------

OS: Windows 10 , 64 bit Build 19041 (10.0.19041.1503)

CPU:total 8 (initial active 8) (8 cores per cpu, 2 threads per core) family 23 model 17 stepping 0, cmov, cx8, fxsr, mmx, sse, sse2, sse3, ssse3, sse4.1, sse4.2, popcnt, avx, avx2, aes, clmul, mmxext, 3dnowpref, lzcnt, sse4a, ht, tsc, tscinvbit, tscinv, bmi1, bmi2, adx, sha, fma

Memory: 4k page, system-wide physical 7080M (487M free)
TotalPageFile size 10080M (AvailPageFile size 20M)
current process WorkingSet (physical memory assigned to process): 72M, peak: 72M
current process commit charge ("private bytes"): 238M, peak: 242M

vm_info: Java HotSpot(TM) 64-Bit Server VM (12.0.2+10) for windows-amd64 JRE (12.0.2+10), built on Jul 16 2019 01:56:17 by "mach5one" with MS VC++ 15.5 (VS2017)

END.
